{"total": {"lines":{"total":380,"covered":220,"skipped":0,"pct":57.89},"statements":{"total":380,"covered":220,"skipped":0,"pct":57.89},"functions":{"total":22,"covered":7,"skipped":0,"pct":31.81},"branches":{"total":22,"covered":16,"skipped":0,"pct":72.72},"branchesTrue":{"total":0,"covered":0,"skipped":0,"pct":100}}
,"C:\\Users\\uckib\\Downloads\\______TURNIN____\\src\\__test\\Booking.test.jsx": {"lines":{"total":43,"covered":43,"skipped":0,"pct":100},"functions":{"total":0,"covered":0,"skipped":0,"pct":100},"statements":{"total":43,"covered":43,"skipped":0,"pct":100},"branches":{"total":6,"covered":6,"skipped":0,"pct":100}}
,"C:\\Users\\uckib\\Downloads\\______TURNIN____\\src\\components\\BookingInfo\\BookingInfo.jsx": {"lines":{"total":48,"covered":48,"skipped":0,"pct":100},"functions":{"total":1,"covered":1,"skipped":0,"pct":100},"statements":{"total":48,"covered":48,"skipped":0,"pct":100},"branches":{"total":1,"covered":1,"skipped":0,"pct":100}}
,"C:\\Users\\uckib\\Downloads\\______TURNIN____\\src\\components\\ErrorMessage\\ErrorMessage.jsx": {"lines":{"total":8,"covered":2,"skipped":0,"pct":25},"functions":{"total":1,"covered":0,"skipped":0,"pct":0},"statements":{"total":8,"covered":2,"skipped":0,"pct":25},"branches":{"total":0,"covered":0,"skipped":0,"pct":100}}
,"C:\\Users\\uckib\\Downloads\\______TURNIN____\\src\\components\\Input\\Input.jsx": {"lines":{"total":27,"covered":27,"skipped":0,"pct":100},"functions":{"total":1,"covered":1,"skipped":0,"pct":100},"statements":{"total":27,"covered":27,"skipped":0,"pct":100},"branches":{"total":4,"covered":3,"skipped":0,"pct":75}}
,"C:\\Users\\uckib\\Downloads\\______TURNIN____\\src\\components\\Navigation\\Navigation.jsx": {"lines":{"total":18,"covered":18,"skipped":0,"pct":100},"functions":{"total":4,"covered":1,"skipped":0,"pct":25},"statements":{"total":18,"covered":18,"skipped":0,"pct":100},"branches":{"total":4,"covered":1,"skipped":0,"pct":25}}
,"C:\\Users\\uckib\\Downloads\\______TURNIN____\\src\\components\\Shoes\\Shoes.jsx": {"lines":{"total":42,"covered":20,"skipped":0,"pct":47.61},"functions":{"total":2,"covered":1,"skipped":0,"pct":50},"statements":{"total":42,"covered":20,"skipped":0,"pct":47.61},"branches":{"total":1,"covered":1,"skipped":0,"pct":100}}
,"C:\\Users\\uckib\\Downloads\\______TURNIN____\\src\\components\\Top\\Top.jsx": {"lines":{"total":10,"covered":10,"skipped":0,"pct":100},"functions":{"total":1,"covered":1,"skipped":0,"pct":100},"statements":{"total":10,"covered":10,"skipped":0,"pct":100},"branches":{"total":1,"covered":1,"skipped":0,"pct":100}}
,"C:\\Users\\uckib\\Downloads\\______TURNIN____\\src\\views\\Booking.jsx": {"lines":{"total":125,"covered":52,"skipped":0,"pct":41.6},"functions":{"total":11,"covered":2,"skipped":0,"pct":18.18},"statements":{"total":125,"covered":52,"skipped":0,"pct":41.6},"branches":{"total":4,"covered":3,"skipped":0,"pct":75}}
,"C:\\Users\\uckib\\Downloads\\______TURNIN____\\src\\views\\Confirmation.jsx": {"lines":{"total":59,"covered":0,"skipped":0,"pct":0},"functions":{"total":1,"covered":0,"skipped":0,"pct":0},"statements":{"total":59,"covered":0,"skipped":0,"pct":0},"branches":{"total":1,"covered":0,"skipped":0,"pct":0}}
}
