{"total": {"lines":{"total":478,"covered":381,"skipped":0,"pct":79.7},"statements":{"total":478,"covered":381,"skipped":0,"pct":79.7},"functions":{"total":23,"covered":15,"skipped":0,"pct":65.21},"branches":{"total":56,"covered":45,"skipped":0,"pct":80.35},"branchesTrue":{"total":0,"covered":0,"skipped":0,"pct":100}}
,"C:\\Users\\uckib\\Downloads\\______TURNIN____\\src\\__test\\Booking.test.jsx": {"lines":{"total":141,"covered":141,"skipped":0,"pct":100},"functions":{"total":0,"covered":0,"skipped":0,"pct":100},"statements":{"total":141,"covered":141,"skipped":0,"pct":100},"branches":{"total":15,"covered":15,"skipped":0,"pct":100}}
,"C:\\Users\\uckib\\Downloads\\______TURNIN____\\src\\components\\BookingInfo\\BookingInfo.jsx": {"lines":{"total":48,"covered":48,"skipped":0,"pct":100},"functions":{"total":1,"covered":1,"skipped":0,"pct":100},"statements":{"total":48,"covered":48,"skipped":0,"pct":100},"branches":{"total":1,"covered":1,"skipped":0,"pct":100}}
,"C:\\Users\\uckib\\Downloads\\______TURNIN____\\src\\components\\ErrorMessage\\ErrorMessage.jsx": {"lines":{"total":8,"covered":8,"skipped":0,"pct":100},"functions":{"total":1,"covered":1,"skipped":0,"pct":100},"statements":{"total":8,"covered":8,"skipped":0,"pct":100},"branches":{"total":1,"covered":1,"skipped":0,"pct":100}}
,"C:\\Users\\uckib\\Downloads\\______TURNIN____\\src\\components\\Input\\Input.jsx": {"lines":{"total":27,"covered":27,"skipped":0,"pct":100},"functions":{"total":1,"covered":1,"skipped":0,"pct":100},"statements":{"total":27,"covered":27,"skipped":0,"pct":100},"branches":{"total":4,"covered":3,"skipped":0,"pct":75}}
,"C:\\Users\\uckib\\Downloads\\______TURNIN____\\src\\components\\Navigation\\Navigation.jsx": {"lines":{"total":18,"covered":18,"skipped":0,"pct":100},"functions":{"total":4,"covered":1,"skipped":0,"pct":25},"statements":{"total":18,"covered":18,"skipped":0,"pct":100},"branches":{"total":4,"covered":1,"skipped":0,"pct":25}}
,"C:\\Users\\uckib\\Downloads\\______TURNIN____\\src\\components\\Shoes\\Shoes.jsx": {"lines":{"total":42,"covered":40,"skipped":0,"pct":95.23},"functions":{"total":3,"covered":2,"skipped":0,"pct":66.66},"statements":{"total":42,"covered":40,"skipped":0,"pct":95.23},"branches":{"total":3,"covered":3,"skipped":0,"pct":100}}
,"C:\\Users\\uckib\\Downloads\\______TURNIN____\\src\\components\\Top\\Top.jsx": {"lines":{"total":10,"covered":10,"skipped":0,"pct":100},"functions":{"total":1,"covered":1,"skipped":0,"pct":100},"statements":{"total":10,"covered":10,"skipped":0,"pct":100},"branches":{"total":1,"covered":1,"skipped":0,"pct":100}}
,"C:\\Users\\uckib\\Downloads\\______TURNIN____\\src\\views\\Booking.jsx": {"lines":{"total":125,"covered":89,"skipped":0,"pct":71.2},"functions":{"total":11,"covered":8,"skipped":0,"pct":72.72},"statements":{"total":125,"covered":89,"skipped":0,"pct":71.2},"branches":{"total":26,"covered":20,"skipped":0,"pct":76.92}}
,"C:\\Users\\uckib\\Downloads\\______TURNIN____\\src\\views\\Confirmation.jsx": {"lines":{"total":59,"covered":0,"skipped":0,"pct":0},"functions":{"total":1,"covered":0,"skipped":0,"pct":0},"statements":{"total":59,"covered":0,"skipped":0,"pct":0},"branches":{"total":1,"covered":0,"skipped":0,"pct":0}}
}
