TN:
SF:src\__test\Booking.test.jsx
FNF:0
FNH:0
DA:1,1
DA:2,1
DA:3,1
DA:4,1
DA:6,1
DA:7,1
DA:8,1
DA:9,1
DA:10,1
DA:11,1
DA:12,1
DA:14,1
DA:16,1
DA:17,4
DA:18,4
DA:19,4
DA:20,4
DA:21,4
DA:23,4
DA:24,4
DA:25,4
DA:26,4
DA:27,4
DA:29,1
DA:30,1
DA:31,1
DA:32,1
DA:34,1
DA:35,1
DA:36,1
DA:38,1
DA:39,1
DA:40,1
DA:41,1
DA:43,1
DA:44,1
DA:46,1
DA:47,1
DA:48,1
DA:49,1
DA:50,1
DA:51,1
DA:53,1
DA:54,1
DA:55,1
DA:57,1
DA:58,1
DA:60,1
DA:61,1
DA:62,1
DA:63,1
DA:64,1
DA:65,1
DA:67,1
DA:68,1
DA:70,1
DA:71,5
DA:72,5
DA:73,1
DA:75,1
DA:76,1
DA:78,1
DA:79,1
DA:80,1
DA:81,1
DA:82,1
DA:83,1
DA:84,1
DA:85,1
LF:69
LH:69
BRDA:6,0,0,1
BRDA:16,1,0,4
BRDA:29,2,0,1
BRDA:30,3,0,1
BRDA:38,4,0,1
BRDA:43,5,0,1
BRDA:53,6,0,1
BRDA:70,7,0,5
BRF:8
BRH:8
end_of_record
TN:
SF:src\components\BookingInfo\BookingInfo.jsx
FN:5,BookingInfo
FNF:1
FNH:1
FNDA:24,BookingInfo
DA:1,1
DA:3,1
DA:5,24
DA:6,24
DA:7,24
DA:8,24
DA:9,24
DA:10,24
DA:11,24
DA:12,24
DA:13,24
DA:14,24
DA:15,24
DA:16,24
DA:17,24
DA:18,24
DA:19,24
DA:20,24
DA:21,24
DA:22,24
DA:23,24
DA:24,24
DA:25,24
DA:26,24
DA:27,24
DA:28,24
DA:29,24
DA:30,24
DA:31,24
DA:32,24
DA:33,24
DA:34,24
DA:35,24
DA:36,24
DA:37,24
DA:38,24
DA:39,24
DA:40,24
DA:41,24
DA:42,24
DA:43,24
DA:44,24
DA:45,24
DA:46,24
DA:47,24
DA:48,24
DA:50,24
DA:52,1
LF:48
LH:48
BRDA:5,0,0,24
BRF:1
BRH:1
end_of_record
TN:
SF:src\components\ErrorMessage\ErrorMessage.jsx
FN:3,ErrorMessage
FNF:1
FNH:1
FNDA:1,ErrorMessage
DA:1,1
DA:3,1
DA:4,1
DA:5,1
DA:6,1
DA:7,1
DA:9,1
DA:11,1
LF:8
LH:8
BRDA:3,0,0,1
BRF:1
BRH:1
end_of_record
TN:
SF:src\components\Input\Input.jsx
FN:3,Input
FNF:1
FNH:1
FNDA:151,Input
DA:1,1
DA:3,151
DA:4,151
DA:5,151
DA:6,151
DA:7,151
DA:8,151
DA:9,151
DA:10,151
DA:11,151
DA:12,151
DA:13,151
DA:14,151
DA:15,151
DA:16,151
DA:17,151
DA:18,151
DA:19,151
DA:20,151
DA:21,151
DA:22,151
DA:23,151
DA:24,151
DA:25,151
DA:26,151
DA:28,151
DA:30,1
LF:27
LH:27
BRDA:3,0,0,151
BRDA:18,1,0,127
BRDA:18,2,0,24
BRDA:22,3,0,0
BRF:4
BRH:3
end_of_record
TN:
SF:src\components\Navigation\Navigation.jsx
FN:6,Navigation
FN:13,onClick
FN:15,onClick
FN:17,onClick
FNF:4
FNH:1
FNDA:24,Navigation
FNDA:0,onClick
FNDA:0,onClick
FNDA:0,onClick
DA:1,1
DA:2,1
DA:3,1
DA:4,1
DA:6,24
DA:7,24
DA:8,24
DA:10,24
DA:11,24
DA:12,24
DA:13,24
DA:14,24
DA:15,24
DA:16,24
DA:17,24
DA:18,24
DA:20,24
DA:22,1
LF:18
LH:18
BRDA:6,0,0,24
BRDA:11,1,0,0
BRDA:14,2,0,0
BRDA:16,3,0,0
BRF:4
BRH:1
end_of_record
TN:
SF:src\components\Shoes\Shoes.jsx
FN:6,Shoes
FN:21,onClick
FN:41,onClick
FNF:3
FNH:2
FNDA:24,Shoes
FNDA:0,onClick
FNDA:5,onClick
DA:1,1
DA:2,1
DA:4,1
DA:6,24
DA:7,24
DA:8,55
DA:9,55
DA:10,55
DA:11,55
DA:12,55
DA:13,55
DA:14,55
DA:15,55
DA:16,55
DA:17,55
DA:18,55
DA:19,55
DA:20,55
DA:21,55
DA:22,0
DA:23,0
DA:24,55
DA:26,55
DA:27,55
DA:30,55
DA:31,24
DA:33,24
DA:34,24
DA:35,24
DA:36,24
DA:37,24
DA:38,24
DA:39,24
DA:40,24
DA:41,24
DA:42,5
DA:43,5
DA:44,24
DA:46,24
DA:47,24
DA:49,24
DA:51,1
LF:42
LH:40
BRDA:6,0,0,24
BRDA:7,1,0,55
BRDA:41,2,0,5
BRF:3
BRH:3
end_of_record
TN:
SF:src\components\Top\Top.jsx
FN:4,Top
FNF:1
FNH:1
FNDA:24,Top
DA:1,1
DA:2,1
DA:4,24
DA:5,24
DA:6,24
DA:7,24
DA:8,24
DA:9,24
DA:11,24
DA:13,1
LF:10
LH:10
BRDA:4,0,0,24
BRF:1
BRH:1
end_of_record
TN:
SF:src\views\Booking.jsx
FN:11,Booking
FN:22,updateBookingDetails
FN:32,updateSize
FN:45,addShoe
FN:51,removeShoe
FN:57,isShoeSizesFilled
FN:65,checkPlayersAndLanes
FN:74,sendBooking
FN:90,comparePeopleAndShoes
FN:94,saveConfirmation
FN:102,book
FNF:11
FNH:8
FNDA:24,Booking
FNDA:9,updateBookingDetails
FNDA:5,updateSize
FNDA:5,addShoe
FNDA:0,removeShoe
FNDA:1,isShoeSizesFilled
FNDA:1,checkPlayersAndLanes
FNDA:0,sendBooking
FNDA:1,comparePeopleAndShoes
FNDA:0,saveConfirmation
FNDA:1,book
DA:1,1
DA:2,1
DA:3,1
DA:5,1
DA:6,1
DA:7,1
DA:8,1
DA:9,1
DA:11,24
DA:12,24
DA:13,24
DA:14,24
DA:15,24
DA:16,24
DA:17,24
DA:18,24
DA:19,24
DA:20,24
DA:22,24
DA:23,9
DA:24,9
DA:26,9
DA:27,9
DA:28,9
DA:29,9
DA:30,9
DA:32,24
DA:33,5
DA:34,5
DA:36,5
DA:37,5
DA:38,5
DA:39,25
DA:40,5
DA:41,5
DA:42,5
DA:43,5
DA:45,24
DA:46,5
DA:48,5
DA:49,5
DA:51,24
DA:52,0
DA:54,0
DA:55,0
DA:57,24
DA:58,1
DA:60,1
DA:62,1
DA:63,1
DA:65,24
DA:66,1
DA:67,1
DA:69,1
DA:71,1
DA:72,1
DA:74,24
DA:75,0
DA:76,0
DA:77,0
DA:78,0
DA:79,0
DA:80,0
DA:81,0
DA:82,0
DA:83,0
DA:84,0
DA:85,0
DA:87,0
DA:88,0
DA:90,24
DA:91,1
DA:92,1
DA:94,24
DA:95,0
DA:96,0
DA:98,0
DA:99,0
DA:100,0
DA:102,24
DA:103,1
DA:105,1
DA:106,0
DA:107,1
DA:108,0
DA:109,1
DA:110,0
DA:111,1
DA:112,1
DA:113,1
DA:116,1
DA:117,1
DA:118,1
DA:119,1
DA:121,0
DA:122,0
DA:123,0
DA:124,0
DA:125,0
DA:126,0
DA:128,0
DA:130,0
DA:132,0
DA:133,0
DA:135,0
DA:136,0
DA:137,0
DA:138,1
DA:140,24
DA:141,24
DA:142,24
DA:143,24
DA:144,24
DA:145,24
DA:146,24
DA:147,24
DA:148,24
DA:149,24
DA:150,24
DA:151,24
DA:153,24
DA:154,24
DA:155,24
DA:157,24
DA:159,1
LF:125
LH:88
BRDA:11,0,0,24
BRDA:154,1,0,1
BRDA:154,2,0,23
BRDA:22,3,0,9
BRDA:26,4,0,9
BRDA:32,5,0,5
BRDA:36,6,0,0
BRDA:37,7,0,5
BRDA:38,8,0,25
BRDA:39,9,0,5
BRDA:39,10,0,20
BRDA:45,11,0,5
BRDA:57,12,0,1
BRDA:60,13,0,5
BRDA:60,14,0,0
BRDA:65,15,0,1
BRDA:69,16,0,0
BRDA:90,17,0,1
BRDA:102,18,0,1
BRDA:105,19,0,0
BRDA:107,20,0,0
BRDA:109,21,0,0
BRDA:119,22,0,0
BRF:23
BRH:16
end_of_record
TN:
SF:src\views\Confirmation.jsx
FN:1,(empty-report)
FNF:1
FNH:0
FNDA:0,(empty-report)
DA:1,0
DA:2,0
DA:4,0
DA:5,0
DA:6,0
DA:8,0
DA:9,0
DA:11,0
DA:12,0
DA:13,0
DA:15,0
DA:16,0
DA:17,0
DA:18,0
DA:19,0
DA:20,0
DA:21,0
DA:22,0
DA:23,0
DA:24,0
DA:25,0
DA:26,0
DA:27,0
DA:28,0
DA:29,0
DA:30,0
DA:31,0
DA:32,0
DA:33,0
DA:34,0
DA:35,0
DA:36,0
DA:37,0
DA:38,0
DA:39,0
DA:40,0
DA:41,0
DA:42,0
DA:43,0
DA:44,0
DA:45,0
DA:46,0
DA:47,0
DA:48,0
DA:49,0
DA:50,0
DA:51,0
DA:52,0
DA:53,0
DA:54,0
DA:55,0
DA:56,0
DA:57,0
DA:59,0
DA:60,0
DA:62,0
DA:64,0
DA:66,0
DA:68,0
LF:59
LH:0
BRDA:1,0,0,0
BRF:1
BRH:0
end_of_record
