TN:
SF:src\__test\Booking.test.jsx
FNF:0
FNH:0
DA:1,1
DA:2,1
DA:3,1
DA:4,1
DA:5,1
DA:7,1
DA:8,1
DA:9,1
DA:10,1
DA:11,1
DA:12,1
DA:13,1
DA:15,1
DA:16,1
DA:17,1
DA:18,1
DA:19,1
DA:20,1
DA:21,1
DA:22,1
DA:23,1
DA:24,1
DA:26,1
DA:27,1
DA:29,1
DA:30,1
DA:31,1
DA:33,1
DA:34,1
DA:35,1
DA:36,1
DA:37,1
DA:38,1
DA:39,1
DA:40,1
DA:41,1
DA:42,1
DA:43,1
DA:45,1
DA:46,1
DA:47,1
DA:48,1
DA:49,1
DA:50,1
DA:52,1
DA:53,1
DA:54,1
DA:55,1
DA:57,1
DA:58,1
DA:59,1
DA:61,1
DA:62,1
DA:63,1
DA:64,1
DA:65,1
DA:66,1
DA:68,1
DA:70,1
DA:71,1
DA:72,5
DA:73,1
DA:75,1
DA:76,1
DA:77,1
DA:79,1
DA:80,1
DA:81,1
DA:82,1
DA:83,1
DA:84,1
DA:86,1
DA:88,1
DA:89,1
DA:90,1
DA:91,1
DA:92,1
DA:93,1
DA:95,1
DA:96,1
DA:97,1
DA:98,1
DA:99,1
LF:83
LH:83
BRDA:7,0,0,1
BRDA:15,1,0,1
BRDA:16,2,0,1
BRDA:33,3,0,1
BRDA:45,4,0,1
BRDA:71,5,0,5
BRDA:88,6,0,1
BRDA:95,7,0,1
BRF:8
BRH:8
end_of_record
TN:
SF:src\components\BookingInfo\BookingInfo.jsx
FN:5,BookingInfo
FNF:1
FNH:1
FNDA:18,BookingInfo
DA:1,1
DA:3,1
DA:5,18
DA:6,18
DA:7,18
DA:8,18
DA:9,18
DA:10,18
DA:11,18
DA:12,18
DA:13,18
DA:14,18
DA:15,18
DA:16,18
DA:17,18
DA:18,18
DA:19,18
DA:20,18
DA:21,18
DA:22,18
DA:23,18
DA:24,18
DA:25,18
DA:26,18
DA:27,18
DA:28,18
DA:29,18
DA:30,18
DA:31,18
DA:32,18
DA:33,18
DA:34,18
DA:35,18
DA:36,18
DA:37,18
DA:38,18
DA:39,18
DA:40,18
DA:41,18
DA:42,18
DA:43,18
DA:44,18
DA:45,18
DA:46,18
DA:47,18
DA:48,18
DA:50,18
DA:52,1
LF:48
LH:48
BRDA:5,0,0,18
BRF:1
BRH:1
end_of_record
TN:
SF:src\components\ErrorMessage\ErrorMessage.jsx
FN:3,ErrorMessage
FNF:1
FNH:1
FNDA:1,ErrorMessage
DA:1,1
DA:3,1
DA:4,1
DA:5,1
DA:6,1
DA:7,1
DA:9,1
DA:11,1
LF:8
LH:8
BRDA:3,0,0,1
BRF:1
BRH:1
end_of_record
TN:
SF:src\components\Input\Input.jsx
FN:3,Input
FNF:1
FNH:1
FNDA:132,Input
DA:1,1
DA:3,132
DA:4,132
DA:5,132
DA:6,132
DA:7,132
DA:8,132
DA:9,132
DA:10,132
DA:11,132
DA:12,132
DA:13,132
DA:14,132
DA:15,132
DA:16,132
DA:17,132
DA:18,132
DA:19,132
DA:20,132
DA:21,132
DA:22,132
DA:23,132
DA:24,132
DA:25,132
DA:26,132
DA:28,132
DA:30,1
LF:27
LH:27
BRDA:3,0,0,132
BRDA:18,1,0,114
BRDA:18,2,0,18
BRDA:22,3,0,0
BRF:4
BRH:3
end_of_record
TN:
SF:src\components\Navigation\Navigation.jsx
FN:6,Navigation
FN:13,onClick
FN:15,onClick
FN:17,onClick
FNF:4
FNH:1
FNDA:16,Navigation
FNDA:0,onClick
FNDA:0,onClick
FNDA:0,onClick
DA:1,1
DA:2,1
DA:3,1
DA:4,1
DA:6,16
DA:7,16
DA:8,16
DA:10,16
DA:11,16
DA:12,16
DA:13,16
DA:14,16
DA:15,16
DA:16,16
DA:17,16
DA:18,16
DA:20,16
DA:22,1
LF:18
LH:18
BRDA:6,0,0,16
BRDA:11,1,0,0
BRDA:14,2,0,0
BRDA:16,3,0,0
BRF:4
BRH:1
end_of_record
TN:
SF:src\components\Shoes\Shoes.jsx
FN:6,Shoes
FN:21,onClick
FN:41,onClick
FNF:3
FNH:2
FNDA:16,Shoes
FNDA:0,onClick
FNDA:5,onClick
DA:1,1
DA:2,1
DA:4,1
DA:6,16
DA:7,16
DA:8,60
DA:9,60
DA:10,60
DA:11,60
DA:12,60
DA:13,60
DA:14,60
DA:15,60
DA:16,60
DA:17,60
DA:18,60
DA:19,60
DA:20,60
DA:21,60
DA:22,0
DA:23,0
DA:24,60
DA:26,60
DA:27,60
DA:30,60
DA:31,16
DA:33,16
DA:34,16
DA:35,16
DA:36,16
DA:37,16
DA:38,16
DA:39,16
DA:40,16
DA:41,16
DA:42,5
DA:43,5
DA:44,16
DA:46,16
DA:47,16
DA:49,16
DA:51,1
LF:42
LH:40
BRDA:6,0,0,16
BRDA:7,1,0,60
BRDA:41,2,0,5
BRF:3
BRH:3
end_of_record
TN:
SF:src\components\Top\Top.jsx
FN:4,Top
FNF:1
FNH:1
FNDA:16,Top
DA:1,1
DA:2,1
DA:4,16
DA:5,16
DA:6,16
DA:7,16
DA:8,16
DA:9,16
DA:11,16
DA:13,1
LF:10
LH:10
BRDA:4,0,0,16
BRF:1
BRH:1
end_of_record
TN:
SF:src\views\Booking.jsx
FN:11,Booking
FN:22,updateBookingDetails
FN:32,updateSize
FN:45,addShoe
FN:51,removeShoe
FN:57,isShoeSizesFilled
FN:65,checkPlayersAndLanes
FN:74,sendBooking
FN:90,comparePeopleAndShoes
FN:94,saveConfirmation
FN:102,book
FNF:11
FNH:8
FNDA:16,Booking
FNDA:4,updateBookingDetails
FNDA:5,updateSize
FNDA:5,addShoe
FNDA:0,removeShoe
FNDA:1,isShoeSizesFilled
FNDA:1,checkPlayersAndLanes
FNDA:0,sendBooking
FNDA:1,comparePeopleAndShoes
FNDA:0,saveConfirmation
FNDA:1,book
DA:1,1
DA:2,1
DA:3,1
DA:5,1
DA:6,1
DA:7,1
DA:8,1
DA:9,1
DA:11,16
DA:12,16
DA:13,16
DA:14,16
DA:15,16
DA:16,16
DA:17,16
DA:18,16
DA:19,16
DA:20,16
DA:22,16
DA:23,4
DA:24,4
DA:26,4
DA:27,4
DA:28,4
DA:29,4
DA:30,4
DA:32,16
DA:33,5
DA:34,5
DA:36,5
DA:37,5
DA:38,5
DA:39,25
DA:40,5
DA:41,5
DA:42,5
DA:43,5
DA:45,16
DA:46,5
DA:48,5
DA:49,5
DA:51,16
DA:52,0
DA:54,0
DA:55,0
DA:57,16
DA:58,1
DA:60,1
DA:62,1
DA:63,1
DA:65,16
DA:66,1
DA:67,1
DA:69,1
DA:71,1
DA:72,1
DA:74,16
DA:75,0
DA:76,0
DA:77,0
DA:78,0
DA:79,0
DA:80,0
DA:81,0
DA:82,0
DA:83,0
DA:84,0
DA:85,0
DA:87,0
DA:88,0
DA:90,16
DA:91,1
DA:92,1
DA:94,16
DA:95,0
DA:96,0
DA:98,0
DA:99,0
DA:100,0
DA:102,16
DA:103,1
DA:105,1
DA:106,0
DA:107,1
DA:108,0
DA:109,1
DA:110,0
DA:111,1
DA:112,1
DA:113,1
DA:116,1
DA:117,1
DA:118,1
DA:119,1
DA:121,0
DA:122,0
DA:123,0
DA:124,0
DA:125,0
DA:126,0
DA:128,0
DA:130,0
DA:132,0
DA:133,0
DA:135,0
DA:136,0
DA:137,0
DA:138,1
DA:140,16
DA:141,16
DA:142,16
DA:143,16
DA:144,16
DA:145,16
DA:146,16
DA:147,16
DA:148,16
DA:149,16
DA:150,16
DA:151,16
DA:153,16
DA:154,16
DA:155,16
DA:157,16
DA:159,1
LF:125
LH:88
BRDA:11,0,0,16
BRDA:154,1,0,1
BRDA:154,2,0,15
BRDA:22,3,0,4
BRDA:26,4,0,4
BRDA:32,5,0,5
BRDA:36,6,0,0
BRDA:37,7,0,5
BRDA:38,8,0,25
BRDA:39,9,0,5
BRDA:39,10,0,20
BRDA:45,11,0,5
BRDA:57,12,0,1
BRDA:60,13,0,5
BRDA:60,14,0,0
BRDA:65,15,0,1
BRDA:69,16,0,0
BRDA:90,17,0,1
BRDA:102,18,0,1
BRDA:105,19,0,0
BRDA:107,20,0,0
BRDA:109,21,0,0
BRDA:119,22,0,0
BRF:23
BRH:16
end_of_record
TN:
SF:src\views\Confirmation.jsx
FN:1,(empty-report)
FNF:1
FNH:0
FNDA:0,(empty-report)
DA:1,0
DA:2,0
DA:4,0
DA:5,0
DA:6,0
DA:8,0
DA:9,0
DA:11,0
DA:12,0
DA:13,0
DA:15,0
DA:16,0
DA:17,0
DA:18,0
DA:19,0
DA:20,0
DA:21,0
DA:22,0
DA:23,0
DA:24,0
DA:25,0
DA:26,0
DA:27,0
DA:28,0
DA:29,0
DA:30,0
DA:31,0
DA:32,0
DA:33,0
DA:34,0
DA:35,0
DA:36,0
DA:37,0
DA:38,0
DA:39,0
DA:40,0
DA:41,0
DA:42,0
DA:43,0
DA:44,0
DA:45,0
DA:46,0
DA:47,0
DA:48,0
DA:49,0
DA:50,0
DA:51,0
DA:52,0
DA:53,0
DA:54,0
DA:55,0
DA:56,0
DA:57,0
DA:59,0
DA:60,0
DA:62,0
DA:64,0
DA:66,0
DA:68,0
LF:59
LH:0
BRDA:1,0,0,0
BRF:1
BRH:0
end_of_record
